#
# There is insufficient memory for the Java Runtime Environment to continue.
# Native memory allocation (malloc) failed to allocate 131088 bytes for Chunk::new
# Possible reasons:
#   The system is out of physical RAM or swap space
#   In 32 bit mode, the process size limit was hit
# Possible solutions:
#   Reduce memory load on the system
#   Increase physical memory or swap space
#   Check if swap backing store is full
#   Use 64 bit Java on a 64 bit OS
#   Decrease Java heap size (-Xmx/-Xms)
#   Decrease number of Java threads
#   Decrease Java thread stack sizes (-Xss)
#   Set larger code cache with -XX:ReservedCodeCacheSize=
# This output file may be truncated or incomplete.
#
#  Out of Memory Error (allocation.cpp:390), pid=7988, tid=0x0000000000001d18
#
# JRE version: Java(TM) SE Runtime Environment (8.0_144-b01) (build 1.8.0_144-b01)
# Java VM: Java HotSpot(TM) 64-Bit Server VM (25.144-b01 mixed mode windows-amd64 compressed oops)
# Failed to write core dump. Minidumps are not enabled by default on client versions of Windows
#

---------------  T H R E A D  ---------------

Current thread (0x0000000015131800):  JavaThread "C2 CompilerThread0" daemon [_thread_in_native, id=7448, stack(0x0000000016770000,0x0000000016870000)]

Stack: [0x0000000016770000,0x0000000016870000]
[error occurred during error reporting (printing stack bounds), id 0xc0000005]

Native frames: (J=compiled Java code, j=interpreted, Vv=VM code, C=native code)


Current CompileTask:
C2:  73256 3231       4       org.codehaus.groovy.control.ResolveVisitor::resolveFromStaticInnerClasses (118 bytes)


---------------  P R O C E S S  ---------------

Java Threads: ( => current thread )
  0x00000000175de800 JavaThread "Stdin handler" [_thread_blocked, id=7492, stack(0x000000001d720000,0x000000001d820000)]
  0x00000000175dd800 JavaThread "Cancel handler" [_thread_blocked, id=6252, stack(0x000000001d620000,0x000000001d720000)]
  0x00000000175d9000 JavaThread "Handler for socket connection from /127.0.0.1:51872 to /127.0.0.1:51882" [_thread_in_native, id=2708, stack(0x0000000019570000,0x0000000019670000)]
  0x00000000175dc000 JavaThread "File lock request listener" [_thread_in_native, id=2944, stack(0x000000001d110000,0x000000001d210000)]
  0x0000000017f0b000 JavaThread "Daemon worker" [_thread_in_vm, id=4328, stack(0x00000000196a0000,0x00000000197a0000)]
  0x0000000018139800 JavaThread "Daemon" [_thread_blocked, id=7472, stack(0x0000000019270000,0x0000000019370000)]
  0x0000000017afe000 JavaThread "Incoming local TCP Connector on port 51872" [_thread_in_native, id=6788, stack(0x0000000017870000,0x0000000017970000)]
  0x0000000016aa0800 JavaThread "Service Thread" daemon [_thread_blocked, id=7704, stack(0x0000000016e70000,0x0000000016f70000)]
  0x000000001515e000 JavaThread "C1 CompilerThread2" daemon [_thread_blocked, id=4936, stack(0x0000000016970000,0x0000000016a70000)]
  0x0000000015138800 JavaThread "C2 CompilerThread1" daemon [_thread_in_native, id=2800, stack(0x0000000016870000,0x0000000016970000)]
=>0x0000000015131800 JavaThread "C2 CompilerThread0" daemon [_thread_in_native, id=7448, stack(0x0000000016770000,0x0000000016870000)]
  0x0000000015130000 JavaThread "Attach Listener" daemon [_thread_blocked, id=7488, stack(0x0000000016670000,0x0000000016770000)]
  0x000000001512e000 JavaThread "Signal Dispatcher" daemon [_thread_blocked, id=5164, stack(0x0000000016570000,0x0000000016670000)]
  0x000000001511a800 JavaThread "Finalizer" daemon [_thread_blocked, id=8176, stack(0x0000000016390000,0x0000000016490000)]
  0x00000000029ef800 JavaThread "Reference Handler" daemon [_thread_blocked, id=6072, stack(0x0000000016290000,0x0000000016390000)]
  0x0000000002a5e000 JavaThread "main" [_thread_blocked, id=3668, stack(0x00000000027c0000,0x00000000028c0000)]

Other Threads:
  0x00000000150f6800 VMThread [stack: 0x0000000016190000,0x0000000016290000] [id=5440]
  0x0000000016a94800 WatcherThread [stack: 0x0000000016f70000,0x0000000017070000] [id=7840]

VM state:not at safepoint (normal execution)

VM Mutex/Monitor currently owned by a thread: None

Heap:
 PSYoungGen      total 118784K, used 78741K [0x00000000eab00000, 0x00000000f2680000, 0x0000000100000000)
  eden space 112128K, 70% used [0x00000000eab00000,0x00000000ef7e5580,0x00000000f1880000)
  from space 6656K, 0% used [0x00000000f2000000,0x00000000f2000000,0x00000000f2680000)
  to   space 7168K, 0% used [0x00000000f1880000,0x00000000f1880000,0x00000000f1f80000)
 ParOldGen       total 27648K, used 17705K [0x00000000c0000000, 0x00000000c1b00000, 0x00000000eab00000)
  object space 27648K, 64% used [0x00000000c0000000,0x00000000c114a438,0x00000000c1b00000)
 Metaspace       used 30364K, capacity 31032K, committed 31360K, reserved 1077248K
  class space    used 4168K, capacity 4386K, committed 4480K, reserved 1048576K

Card table byte_map: [0x0000000011e20000,0x0000000012030000] byte_map_base: 0x0000000011820000

Marking Bits: (ParMarkBitMap*) 0x00000000678bd850
 Begin Bits: [0x0000000012590000, 0x0000000013590000)
 End Bits:   [0x0000000013590000, 0x0000000014590000)

Polling page: 0x00000000028c0000

CodeCache: size=245760Kb used=11659Kb max_used=11667Kb free=234100Kb
 bounds [0x0000000002a60000, 0x00000000035e0000, 0x0000000011a60000]
 total_blobs=3545 nmethods=2879 adapters=578
 compilation: enabled

Compilation events (10 events):
Event: 72.336 Thread 0x000000001515e000 3233       3       com.google.common.base.Equivalence$Equals::doEquivalent (6 bytes)
Event: 72.337 Thread 0x000000001515e000 nmethod 3233 0x0000000003340d10 code [0x0000000003340e80, 0x00000000033410a8]
Event: 72.574 Thread 0x0000000015131800 nmethod 3229 0x00000000035c8290 code [0x00000000035c8680, 0x00000000035cb130]
Event: 72.575 Thread 0x0000000015131800 3235       4       org.codehaus.groovy.control.ClassNodeResolver::resolveName (73 bytes)
Event: 72.720 Thread 0x0000000015131800 nmethod 3235 0x00000000035ce850 code [0x00000000035ceb40, 0x00000000035d0538]
Event: 72.720 Thread 0x0000000015131800 3231       4       org.codehaus.groovy.control.ResolveVisitor::resolveFromStaticInnerClasses (118 bytes)
Event: 72.731 Thread 0x000000001515e000 3236       3       java.util.concurrent.locks.ReentrantLock$Sync::nonfairTryAcquire (67 bytes)
Event: 72.732 Thread 0x000000001515e000 nmethod 3236 0x00000000033402d0 code [0x0000000003340460, 0x0000000003340b88]
Event: 72.905 Thread 0x000000001515e000 3237       3       org.codehaus.groovy.control.ResolveVisitor::resolveToOuter (110 bytes)
Event: 72.907 Thread 0x000000001515e000 nmethod 3237 0x00000000035c6450 code [0x00000000035c6700, 0x00000000035c7a78]

GC Heap History (10 events):
Event: 25.839 GC heap before
{Heap before GC invocations=18 (full 1):
 PSYoungGen      total 93184K, used 86528K [0x00000000eab00000, 0x00000000f0d80000, 0x0000000100000000)
  eden space 86016K, 100% used [0x00000000eab00000,0x00000000eff00000,0x00000000eff00000)
  from space 7168K, 7% used [0x00000000f0600000,0x00000000f0680010,0x00000000f0d00000)
  to   space 7168K, 0% used [0x00000000eff00000,0x00000000eff00000,0x00000000f0600000)
 ParOldGen       total 27648K, used 10188K [0x00000000c0000000, 0x00000000c1b00000, 0x00000000eab00000)
  object space 27648K, 36% used [0x00000000c0000000,0x00000000c09f3210,0x00000000c1b00000)
 Metaspace       used 25374K, capacity 25998K, committed 26240K, reserved 1071104K
  class space    used 3368K, capacity 3634K, committed 3712K, reserved 1048576K
Event: 25.850 GC heap after
Heap after GC invocations=18 (full 1):
 PSYoungGen      total 93184K, used 4064K [0x00000000eab00000, 0x00000000f2780000, 0x0000000100000000)
  eden space 86016K, 0% used [0x00000000eab00000,0x00000000eab00000,0x00000000eff00000)
  from space 7168K, 56% used [0x00000000eff00000,0x00000000f02f8370,0x00000000f0600000)
  to   space 7680K, 0% used [0x00000000f2000000,0x00000000f2000000,0x00000000f2780000)
 ParOldGen       total 27648K, used 10652K [0x00000000c0000000, 0x00000000c1b00000, 0x00000000eab00000)
  object space 27648K, 38% used [0x00000000c0000000,0x00000000c0a67260,0x00000000c1b00000)
 Metaspace       used 25374K, capacity 25998K, committed 26240K, reserved 1071104K
  class space    used 3368K, capacity 3634K, committed 3712K, reserved 1048576K
}
Event: 26.716 GC heap before
{Heap before GC invocations=19 (full 1):
 PSYoungGen      total 93184K, used 90080K [0x00000000eab00000, 0x00000000f2780000, 0x0000000100000000)
  eden space 86016K, 100% used [0x00000000eab00000,0x00000000eff00000,0x00000000eff00000)
  from space 7168K, 56% used [0x00000000eff00000,0x00000000f02f8370,0x00000000f0600000)
  to   space 7680K, 0% used [0x00000000f2000000,0x00000000f2000000,0x00000000f2780000)
 ParOldGen       total 27648K, used 10652K [0x00000000c0000000, 0x00000000c1b00000, 0x00000000eab00000)
  object space 27648K, 38% used [0x00000000c0000000,0x00000000c0a67260,0x00000000c1b00000)
 Metaspace       used 25374K, capacity 25998K, committed 26240K, reserved 1071104K
  class space    used 3368K, capacity 3634K, committed 3712K, reserved 1048576K
Event: 26.731 GC heap after
Heap after GC invocations=19 (full 1):
 PSYoungGen      total 118784K, used 448K [0x00000000eab00000, 0x00000000f2680000, 0x0000000100000000)
  eden space 112128K, 0% used [0x00000000eab00000,0x00000000eab00000,0x00000000f1880000)
  from space 6656K, 6% used [0x00000000f2000000,0x00000000f2070000,0x00000000f2680000)
  to   space 7168K, 0% used [0x00000000f1880000,0x00000000f1880000,0x00000000f1f80000)
 ParOldGen       total 27648K, used 12872K [0x00000000c0000000, 0x00000000c1b00000, 0x00000000eab00000)
  object space 27648K, 46% used [0x00000000c0000000,0x00000000c0c922c0,0x00000000c1b00000)
 Metaspace       used 25374K, capacity 25998K, committed 26240K, reserved 1071104K
  class space    used 3368K, capacity 3634K, committed 3712K, reserved 1048576K
}
Event: 31.770 GC heap before
{Heap before GC invocations=20 (full 1):
 PSYoungGen      total 118784K, used 112576K [0x00000000eab00000, 0x00000000f2680000, 0x0000000100000000)
  eden space 112128K, 100% used [0x00000000eab00000,0x00000000f1880000,0x00000000f1880000)
  from space 6656K, 6% used [0x00000000f2000000,0x00000000f2070000,0x00000000f2680000)
  to   space 7168K, 0% used [0x00000000f1880000,0x00000000f1880000,0x00000000f1f80000)
 ParOldGen       total 27648K, used 12872K [0x00000000c0000000, 0x00000000c1b00000, 0x00000000eab00000)
  object space 27648K, 46% used [0x00000000c0000000,0x00000000c0c922c0,0x00000000c1b00000)
 Metaspace       used 28490K, capacity 29302K, committed 29440K, reserved 1075200K
  class space    used 3928K, capacity 4255K, committed 4352K, reserved 1048576K
Event: 31.799 GC heap after
Heap after GC invocations=20 (full 1):
 PSYoungGen      total 119296K, used 5963K [0x00000000eab00000, 0x00000000f2680000, 0x0000000100000000)
  eden space 112128K, 0% used [0x00000000eab00000,0x00000000eab00000,0x00000000f1880000)
  from space 7168K, 83% used [0x00000000f1880000,0x00000000f1e52c90,0x00000000f1f80000)
  to   space 6656K, 0% used [0x00000000f2000000,0x00000000f2000000,0x00000000f2680000)
 ParOldGen       total 27648K, used 13264K [0x00000000c0000000, 0x00000000c1b00000, 0x00000000eab00000)
  object space 27648K, 47% used [0x00000000c0000000,0x00000000c0cf42c0,0x00000000c1b00000)
 Metaspace       used 28490K, capacity 29302K, committed 29440K, reserved 1075200K
  class space    used 3928K, capacity 4255K, committed 4352K, reserved 1048576K
}
Event: 33.156 GC heap before
{Heap before GC invocations=21 (full 1):
 PSYoungGen      total 119296K, used 24424K [0x00000000eab00000, 0x00000000f2680000, 0x0000000100000000)
  eden space 112128K, 16% used [0x00000000eab00000,0x00000000ebd07660,0x00000000f1880000)
  from space 7168K, 83% used [0x00000000f1880000,0x00000000f1e52c90,0x00000000f1f80000)
  to   space 6656K, 0% used [0x00000000f2000000,0x00000000f2000000,0x00000000f2680000)
 ParOldGen       total 27648K, used 13264K [0x00000000c0000000, 0x00000000c1b00000, 0x00000000eab00000)
  object space 27648K, 47% used [0x00000000c0000000,0x00000000c0cf42c0,0x00000000c1b00000)
 Metaspace       used 30137K, capacity 30944K, committed 31104K, reserved 1075200K
  class space    used 4151K, capacity 4429K, committed 4480K, reserved 1048576K
Event: 33.173 GC heap after
Heap after GC invocations=21 (full 1):
 PSYoungGen      total 118784K, used 2451K [0x00000000eab00000, 0x00000000f2680000, 0x0000000100000000)
  eden space 112128K, 0% used [0x00000000eab00000,0x00000000eab00000,0x00000000f1880000)
  from space 6656K, 36% used [0x00000000f2000000,0x00000000f2264c58,0x00000000f2680000)
  to   space 7168K, 0% used [0x00000000f1880000,0x00000000f1880000,0x00000000f1f80000)
 ParOldGen       total 27648K, used 17198K [0x00000000c0000000, 0x00000000c1b00000, 0x00000000eab00000)
  object space 27648K, 62% used [0x00000000c0000000,0x00000000c10cbb50,0x00000000c1b00000)
 Metaspace       used 30137K, capacity 30944K, committed 31104K, reserved 1075200K
  class space    used 4151K, capacity 4429K, committed 4480K, reserved 1048576K
}
Event: 33.173 GC heap before
{Heap before GC invocations=22 (full 2):
 PSYoungGen      total 118784K, used 2451K [0x00000000eab00000, 0x00000000f2680000, 0x0000000100000000)
  eden space 112128K, 0% used [0x00000000eab00000,0x00000000eab00000,0x00000000f1880000)
  from space 6656K, 36% used [0x00000000f2000000,0x00000000f2264c58,0x00000000f2680000)
  to   space 7168K, 0% used [0x00000000f1880000,0x00000000f1880000,0x00000000f1f80000)
 ParOldGen       total 27648K, used 17198K [0x00000000c0000000, 0x00000000c1b00000, 0x00000000eab00000)
  object space 27648K, 62% used [0x00000000c0000000,0x00000000c10cbb50,0x00000000c1b00000)
 Metaspace       used 30137K, capacity 30944K, committed 31104K, reserved 1075200K
  class space    used 4151K, capacity 4429K, committed 4480K, reserved 1048576K
Event: 33.491 GC heap after
Heap after GC invocations=22 (full 2):
 PSYoungGen      total 118784K, used 0K [0x00000000eab00000, 0x00000000f2680000, 0x0000000100000000)
  eden space 112128K, 0% used [0x00000000eab00000,0x00000000eab00000,0x00000000f1880000)
  from space 6656K, 0% used [0x00000000f2000000,0x00000000f2000000,0x00000000f2680000)
  to   space 7168K, 0% used [0x00000000f1880000,0x00000000f1880000,0x00000000f1f80000)
 ParOldGen       total 27648K, used 17705K [0x00000000c0000000, 0x00000000c1b00000, 0x00000000eab00000)
  object space 27648K, 64% used [0x00000000c0000000,0x00000000c114a438,0x00000000c1b00000)
 Metaspace       used 30074K, capacity 30670K, committed 31104K, reserved 1075200K
  class space    used 4135K, capacity 4327K, committed 4480K, reserved 1048576K
}

Deoptimization events (10 events):
Event: 32.777 Thread 0x0000000017f0b000 Uncommon trap: reason=bimorphic action=maybe_recompile pc=0x00000000030012f8 method=java.io.DataOutputStream.writeShort(I)V @ 12
Event: 32.807 Thread 0x0000000017f0b000 Uncommon trap: reason=bimorphic action=maybe_recompile pc=0x00000000030012f8 method=java.io.DataOutputStream.writeShort(I)V @ 12
Event: 32.891 Thread 0x0000000017f0b000 Uncommon trap: reason=predicate action=maybe_recompile pc=0x0000000002dd76ec method=org.gradle.logging.internal.AbstractLineChoppingStyledTextOutput.doAppend(Ljava/lang/String;)V @ 10
Event: 33.040 Thread 0x000000001854d800 Uncommon trap: reason=unstable_if action=reinterpret pc=0x0000000002c1fc4c method=java.util.concurrent.locks.ReentrantLock$Sync.nonfairTryAcquire(I)Z @ 34
Event: 33.040 Thread 0x0000000017f0b000 Uncommon trap: reason=unstable_if action=reinterpret pc=0x0000000003076860 method=java.util.concurrent.locks.AbstractQueuedSynchronizer.release(I)Z @ 14
Event: 33.040 Thread 0x000000001854d800 Uncommon trap: reason=unstable_if action=reinterpret pc=0x0000000003119154 method=java.util.concurrent.locks.AbstractQueuedSynchronizer.release(I)Z @ 14
Event: 33.626 Thread 0x0000000018139800 Uncommon trap: reason=unstable_if action=reinterpret pc=0x0000000002c15760 method=java.util.HashMap$HashIterator.<init>(Ljava/util/HashMap;)V @ 45
Event: 72.127 Thread 0x0000000017f0b000 Uncommon trap: reason=unstable_if action=reinterpret pc=0x0000000002c803c0 method=org.codehaus.groovy.ast.ClassNode.<init>(Ljava/lang/String;ILorg/codehaus/groovy/ast/ClassNode;[Lorg/codehaus/groovy/ast/ClassNode;[Lorg/codehaus/groovy/ast/MixinNode;)V @ 1
Event: 72.127 Thread 0x0000000017f0b000 Uncommon trap: reason=unstable_if action=reinterpret pc=0x00000000030b4fac method=org.codehaus.groovy.ast.ClassHelper.make(Ljava/lang/String;)Lorg/codehaus/groovy/ast/ClassNode; @ 34
Event: 72.904 Thread 0x0000000017f0b000 Uncommon trap: reason=unstable_if action=reinterpret pc=0x00000000035ca498 method=org.codehaus.groovy.control.ClassNodeResolver.resolveName(Ljava/lang/String;Lorg/codehaus/groovy/control/CompilationUnit;)Lorg/codehaus/groovy/control/ClassNodeResolver$Look

Internal exceptions (10 events):
Event: 59.182 Thread 0x00000000175d9000 Exception <a 'java/lang/NoSuchMethodError': <clinit>> (0x00000000eaec1c10) thrown at [C:\re\workspace\8-2-build-windows-amd64-cygwin\jdk8u144\9417\hotspot\src\share\vm\prims\jni.cpp, line 1613]
Event: 59.189 Thread 0x00000000175d9000 Exception <a 'java/lang/NoSuchMethodError': <clinit>> (0x00000000eaee2530) thrown at [C:\re\workspace\8-2-build-windows-amd64-cygwin\jdk8u144\9417\hotspot\src\share\vm\prims\jni.cpp, line 1613]
Event: 59.193 Thread 0x00000000175d9000 Exception <a 'java/lang/NoSuchMethodError': <clinit>> (0x00000000eaef36a8) thrown at [C:\re\workspace\8-2-build-windows-amd64-cygwin\jdk8u144\9417\hotspot\src\share\vm\prims\jni.cpp, line 1613]
Event: 71.315 Thread 0x0000000017f0b000 Exception <a 'java/lang/NoSuchMethodError': <clinit>> (0x00000000eb18dd08) thrown at [C:\re\workspace\8-2-build-windows-amd64-cygwin\jdk8u144\9417\hotspot\src\share\vm\prims\jni.cpp, line 1613]
Event: 71.902 Thread 0x0000000017f0b000 Exception <a 'java/lang/NoSuchMethodError': <clinit>> (0x00000000eb1c71e0) thrown at [C:\re\workspace\8-2-build-windows-amd64-cygwin\jdk8u144\9417\hotspot\src\share\vm\prims\jni.cpp, line 1613]
Event: 71.905 Thread 0x0000000017f0b000 Exception <a 'java/lang/NoSuchMethodError': <clinit>> (0x00000000eb1d3668) thrown at [C:\re\workspace\8-2-build-windows-amd64-cygwin\jdk8u144\9417\hotspot\src\share\vm\prims\jni.cpp, line 1613]
Event: 71.908 Thread 0x0000000017f0b000 Exception <a 'java/lang/NoSuchMethodError': <clinit>> (0x00000000eb1e4c20) thrown at [C:\re\workspace\8-2-build-windows-amd64-cygwin\jdk8u144\9417\hotspot\src\share\vm\prims\jni.cpp, line 1613]
Event: 71.981 Thread 0x0000000017f0b000 Exception <a 'java/lang/NoSuchMethodError': <clinit>> (0x00000000eb1fc5a0) thrown at [C:\re\workspace\8-2-build-windows-amd64-cygwin\jdk8u144\9417\hotspot\src\share\vm\prims\jni.cpp, line 1613]
Event: 72.029 Thread 0x0000000017f0b000 Exception <a 'java/lang/NoSuchMethodError': <clinit>> (0x00000000eb233de8) thrown at [C:\re\workspace\8-2-build-windows-amd64-cygwin\jdk8u144\9417\hotspot\src\share\vm\prims\jni.cpp, line 1613]
Event: 72.032 Thread 0x0000000017f0b000 Exception <a 'java/lang/NoSuchMethodError': <clinit>> (0x00000000eb240e48) thrown at [C:\re\workspace\8-2-build-windows-amd64-cygwin\jdk8u144\9417\hotspot\src\share\vm\prims\jni.cpp, line 1613]

Events (10 events):
Event: 72.968 loading class org/gradle/jvm/platform/String
Event: 72.968 loading class org/gradle/jvm/platform/String done
Event: 72.969 loading class org/gradle/jvm/plugins/String
Event: 72.969 loading class org/gradle/jvm/plugins/String done
Event: 72.969 loading class org/gradle/jvm/plugins/String
Event: 72.969 loading class org/gradle/jvm/plugins/String done
Event: 72.970 loading class org/gradle/jvm/tasks/String
Event: 72.970 loading class org/gradle/jvm/tasks/String done
Event: 72.970 loading class org/gradle/jvm/tasks/String
Event: 72.970 loading class org/gradle/jvm/tasks/String done


Dynamic libraries:
0x00007ff71d680000 - 0x00007ff71d6b7000 	D:\JavaDK\bin\java.exe
0x00007fff22040000 - 0x00007fff221ec000 	C:\Windows\SYSTEM32\ntdll.dll
0x00007fff21b00000 - 0x00007fff21c3e000 	C:\Windows\system32\KERNEL32.DLL
0x00007fff1f250000 - 0x00007fff1f365000 	C:\Windows\system32\KERNELBASE.dll
0x00007fff1dd20000 - 0x00007fff1ddae000 	C:\Windows\system32\apphelp.dll
0x00007ffefde00000 - 0x00007ffefde53000 	C:\Windows\AppPatch\AppPatch64\AcGenral.DLL
0x00007fff21cf0000 - 0x00007fff21d9a000 	C:\Windows\system32\msvcrt.dll
0x00007fff1ef40000 - 0x00007fff1ef6e000 	C:\Windows\SYSTEM32\SspiCli.dll
0x00007fff21a30000 - 0x00007fff21a84000 	C:\Windows\system32\SHLWAPI.dll
0x00007fff21ec0000 - 0x00007fff22037000 	C:\Windows\system32\USER32.dll
0x00007fff1f880000 - 0x00007fff1fa14000 	C:\Windows\system32\ole32.dll
0x00007fff202c0000 - 0x00007fff217eb000 	C:\Windows\system32\SHELL32.dll
0x00007fff1e720000 - 0x00007fff1e741000 	C:\Windows\SYSTEM32\USERENV.dll
0x00007fff21c40000 - 0x00007fff21cea000 	C:\Windows\system32\ADVAPI32.dll
0x00007fff10670000 - 0x00007fff1068e000 	C:\Windows\SYSTEM32\MPR.dll
0x00007fff1fe80000 - 0x00007fff1ffc1000 	C:\Windows\system32\RPCRT4.dll
0x00007fff1f6b0000 - 0x00007fff1f709000 	C:\Windows\SYSTEM32\sechost.dll
0x00007fff21810000 - 0x00007fff21a21000 	C:\Windows\SYSTEM32\combase.dll
0x00007fff1f720000 - 0x00007fff1f871000 	C:\Windows\system32\GDI32.dll
0x00007fff1f180000 - 0x00007fff1f195000 	C:\Windows\SYSTEM32\profapi.dll
0x00007fff1d750000 - 0x00007fff1d802000 	C:\Windows\SYSTEM32\SHCORE.dll
0x00007fff21e80000 - 0x00007fff21eb6000 	C:\Windows\system32\IMM32.DLL
0x00007fff1fd20000 - 0x00007fff1fe72000 	C:\Windows\system32\MSCTF.dll
0x00007fff1b620000 - 0x00007fff1b89b000 	C:\Windows\WinSxS\amd64_microsoft.windows.common-controls_6595b64144ccf1df_6.0.9600.18006_none_623f33d3ecbe86e8\COMCTL32.dll
0x0000000067940000 - 0x0000000067a12000 	D:\JavaDK\jre\bin\msvcr100.dll
0x00000000670a0000 - 0x000000006793d000 	D:\JavaDK\jre\bin\server\jvm.dll
0x00007fff17740000 - 0x00007fff17749000 	C:\Windows\SYSTEM32\WSOCK32.dll
0x00007fff0a6f0000 - 0x00007fff0a712000 	C:\Windows\SYSTEM32\WINMM.dll
0x00007fff175f0000 - 0x00007fff175fa000 	C:\Windows\SYSTEM32\VERSION.dll
0x00007fff21af0000 - 0x00007fff21af7000 	C:\Windows\system32\PSAPI.DLL
0x00007fff21a90000 - 0x00007fff21aea000 	C:\Windows\system32\WS2_32.dll
0x00007fff0a6c0000 - 0x00007fff0a6ea000 	C:\Windows\SYSTEM32\WINMMBASE.dll
0x00007fff21800000 - 0x00007fff21809000 	C:\Windows\system32\NSI.dll
0x00007fff1f370000 - 0x00007fff1f3bf000 	C:\Windows\SYSTEM32\cfgmgr32.dll
0x00007fff1dfa0000 - 0x00007fff1dfc8000 	C:\Windows\SYSTEM32\DEVOBJ.dll
0x0000000067090000 - 0x000000006709f000 	D:\JavaDK\jre\bin\verify.dll
0x0000000067060000 - 0x0000000067089000 	D:\JavaDK\jre\bin\java.dll
0x0000000067040000 - 0x0000000067056000 	D:\JavaDK\jre\bin\zip.dll
0x0000000067020000 - 0x000000006703a000 	D:\JavaDK\jre\bin\net.dll
0x00007fff1e990000 - 0x00007fff1e9e9000 	C:\Windows\system32\mswsock.dll
0x0000000067000000 - 0x0000000067011000 	D:\JavaDK\jre\bin\nio.dll
0x00007fff08e30000 - 0x00007fff08e42000 	C:\Users\Евгений Дубовой\.gradle\native\19\windows-amd64\native-platform.dll
0x00007fff19c60000 - 0x00007fff19c8a000 	C:\Windows\SYSTEM32\IPHLPAPI.DLL
0x00007fff19c40000 - 0x00007fff19c4a000 	C:\Windows\SYSTEM32\WINNSI.DLL
0x00007fff19aa0000 - 0x00007fff19ab6000 	C:\Windows\SYSTEM32\dhcpcsvc6.DLL
0x00007fff198a0000 - 0x00007fff198ba000 	C:\Windows\SYSTEM32\dhcpcsvc.DLL
0x00007fff1e9f0000 - 0x00007fff1ea10000 	C:\Windows\SYSTEM32\CRYPTSP.dll
0x00007fff1e610000 - 0x00007fff1e646000 	C:\Windows\system32\rsaenh.dll
0x00007fff1ec40000 - 0x00007fff1ec66000 	C:\Windows\SYSTEM32\bcrypt.dll
0x00007fff1ef80000 - 0x00007fff1efe3000 	C:\Windows\system32\bcryptprimitives.dll
0x00007fff1eff0000 - 0x00007fff1effb000 	C:\Windows\SYSTEM32\CRYPTBASE.dll
0x0000000066ff0000 - 0x0000000066ffd000 	D:\JavaDK\jre\bin\management.dll

VM Arguments:
jvm_args: -XX:MaxPermSize=256m -XX:+HeapDumpOnOutOfMemoryError -Xmx1024m -Dfile.encoding=windows-1251 -Duser.country=RU -Duser.language=ru -Duser.variant 
java_command: org.gradle.launcher.daemon.bootstrap.GradleDaemon 2.5
java_class_path (initial): C:\Users\Евгений Дубовой\.gradle\wrapper\dists\gradle-2.5-bin\7mk8vyobxfh3eazpg3pi2y9mv\gradle-2.5\lib\gradle-launcher-2.5.jar
Launcher Type: SUN_STANDARD

Environment Variables:
PATH=C:\ProgramData\Oracle\Java\javapath;C:\Program Files (x86)\Intel\TXE Components\TCS\;C:\Program Files\Intel\TXE Components\TCS\;C:\Windows\system32;C:\Windows;C:\Windows\System32\Wbem;C:\Windows\System32\WindowsPowerShell\v1.0\;C:\Program Files\Microsoft SQL Server\110\Tools\Binn\;C:\Program Files (x86)\Skype\Phone\;C:\Python27\;C:\Python27\Scripts\;C:\Program Files\Microsoft\Web Platform Installer\;C:\Program Files (x86)\Microsoft ASP.NET\ASP.NET Web Pages\v1.0\;C:\Program Files (x86)\Windows Kits\8.0\Windows Performance Toolkit\;C:\Program Files\MATLAB\newmatlab\runtime\win64;C:\Program Files\MATLAB\newmatlab\bin;C:\Program Files\MATLAB\R2010b\runtime\win64;C:\Program Files\MATLAB\R2010b\bin;D:\Ration rose\common;D:\Install\Git\cmd;C:\Program Files\Microsoft SQL Server\Client SDK\ODBC\130\Tools\Binn\;C:\Program Files (x86)\Microsoft SQL Server\130\Tools\Binn\;C:\Program Files\Microsoft SQL Server\130\Tools\Binn\;C:\Program Files\Microsoft SQL Server\130\DTS\Binn\;D:\Anaconda;D:\Anaconda\Scripts
USERNAME=Евгений Дубовой
OS=Windows_NT
PROCESSOR_IDENTIFIER=Intel64 Family 6 Model 55 Stepping 8, GenuineIntel



---------------  S Y S T E M  ---------------

OS: Windows 8.1 , 64 bit Build 9600 (6.3.9600.17415)

CPU:total 4 (initial active 4) (4 cores per cpu, 1 threads per core) family 6 model 55 stepping 8, cmov, cx8, fxsr, mmx, sse, sse2, sse3, ssse3, sse4.1, sse4.2, popcnt, clmul, erms, 3dnowpref, tsc, tscinvbit

Memory: 4k page, physical 4078196k(963064k free), swap 8174196k(40848k free)

vm_info: Java HotSpot(TM) 64-Bit Server VM (25.144-b01) for windows-amd64 JRE (1.8.0_144-b01), built on Jul 21 2017 21:57:33 by "java_re" with MS VC++ 10.0 (VS2010)

time: Thu Oct 19 17:36:50 2017
elapsed time: 73 seconds (0d 0h 1m 13s)

